<?xml version="1.0" encoding="UTF-8"?>
<testng-results skipped="0" failed="0" ignored="0" total="1" passed="1">
  <reporter-output>
  </reporter-output>
  <suite name="Default suite" duration-ms="26887" started-at="2018-09-05T13:16:26Z" finished-at="2018-09-05T13:16:53Z">
    <groups>
    </groups>
    <test name="Default test" duration-ms="26887" started-at="2018-09-05T13:16:26Z" finished-at="2018-09-05T13:16:53Z">
      <class name="Selenium.Program">
        <test-method status="PASS" signature="chrometest()[pri:0, instance:Selenium.Program@5bcea91b]" name="chrometest" duration-ms="26808" started-at="2018-09-05T13:16:26Z" finished-at="2018-09-05T13:16:53Z">
          <reporter-output>
          </reporter-output>
        </test-method> <!-- chrometest -->
      </class> <!-- Selenium.Program -->
    </test> <!-- Default test -->
  </suite> <!-- Default suite -->
</testng-results>
