<?xml version="1.0" encoding="UTF-8"?>
<testng-results skipped="0" failed="0" total="1" passed="1">
  <reporter-output>
  </reporter-output>
  <suite name="Suite" duration-ms="54925" started-at="2018-09-05T14:05:11Z" finished-at="2018-09-05T14:06:06Z">
    <groups>
    </groups>
    <test name="Test" duration-ms="54925" started-at="2018-09-05T14:05:11Z" finished-at="2018-09-05T14:06:06Z">
      <class name="Selenium.Program">
        <test-method status="PASS" signature="chrometest()[pri:0, instance:Selenium.Program@71f2a7d5]" name="chrometest" duration-ms="54882" started-at="2018-09-05T19:35:11Z" finished-at="2018-09-05T19:36:06Z">
          <reporter-output>
          </reporter-output>
        </test-method> <!-- chrometest -->
      </class> <!-- Selenium.Program -->
    </test> <!-- Test -->
  </suite> <!-- Suite -->
</testng-results>
